<?xml version="1.0" encoding="UTF-8"?>
<testsuite xmlns:xsi="http://www.w3.org/2001/XMLSchema-instance" xsi:noNamespaceSchemaLocation="https://maven.apache.org/surefire/maven-surefire-plugin/xsd/surefire-test-report.xsd" version="3.0.2" name="com.itmo.evaluationsystem.EvalutionsystemApplicationTests" time="2.885" tests="1" errors="0" skipped="0" failures="0">
  <properties>
    <property name="java.specification.version" value="17"/>
    <property name="sun.cpu.isalist" value="amd64"/>
    <property name="sun.jnu.encoding" value="GBK"/>
    <property name="java.class.path" value="C:\Users\31026\Desktop\javaweb\evaluation\evalutionsystem\target\test-classes;C:\Users\31026\Desktop\javaweb\evaluation\evalutionsystem\target\classes;E:\code\maven\apache-maven-3.9.11\org\springframework\boot\spring-boot-starter-web\3.5.6\spring-boot-starter-web-3.5.6.jar;E:\code\maven\apache-maven-3.9.11\org\springframework\boot\spring-boot-starter\3.5.6\spring-boot-starter-3.5.6.jar;E:\code\maven\apache-maven-3.9.11\org\springframework\boot\spring-boot\3.5.6\spring-boot-3.5.6.jar;E:\code\maven\apache-maven-3.9.11\org\springframework\boot\spring-boot-autoconfigure\3.5.6\spring-boot-autoconfigure-3.5.6.jar;E:\code\maven\apache-maven-3.9.11\org\springframework\boot\spring-boot-starter-logging\3.5.6\spring-boot-starter-logging-3.5.6.jar;E:\code\maven\apache-maven-3.9.11\ch\qos\logback\logback-classic\1.5.18\logback-classic-1.5.18.jar;E:\code\maven\apache-maven-3.9.11\ch\qos\logback\logback-core\1.5.18\logback-core-1.5.18.jar;E:\code\maven\apache-maven-3.9.11\org\apache\logging\log4j\log4j-to-slf4j\2.24.3\log4j-to-slf4j-2.24.3.jar;E:\code\maven\apache-maven-3.9.11\org\apache\logging\log4j\log4j-api\2.24.3\log4j-api-2.24.3.jar;E:\code\maven\apache-maven-3.9.11\org\slf4j\jul-to-slf4j\2.0.17\jul-to-slf4j-2.0.17.jar;E:\code\maven\apache-maven-3.9.11\jakarta\annotation\jakarta.annotation-api\2.1.1\jakarta.annotation-api-2.1.1.jar;E:\code\maven\apache-maven-3.9.11\org\yaml\snakeyaml\2.4\snakeyaml-2.4.jar;E:\code\maven\apache-maven-3.9.11\org\springframework\boot\spring-boot-starter-json\3.5.6\spring-boot-starter-json-3.5.6.jar;E:\code\maven\apache-maven-3.9.11\com\fasterxml\jackson\datatype\jackson-datatype-jdk8\2.19.2\jackson-datatype-jdk8-2.19.2.jar;E:\code\maven\apache-maven-3.9.11\com\fasterxml\jackson\datatype\jackson-datatype-jsr310\2.19.2\jackson-datatype-jsr310-2.19.2.jar;E:\code\maven\apache-maven-3.9.11\com\fasterxml\jackson\module\jackson-module-parameter-names\2.19.2\jackson-module-parameter-names-2.19.2.jar;E:\code\maven\apache-maven-3.9.11\org\springframework\boot\spring-boot-starter-tomcat\3.5.6\spring-boot-starter-tomcat-3.5.6.jar;E:\code\maven\apache-maven-3.9.11\org\apache\tomcat\embed\tomcat-embed-core\10.1.46\tomcat-embed-core-10.1.46.jar;E:\code\maven\apache-maven-3.9.11\org\apache\tomcat\embed\tomcat-embed-el\10.1.46\tomcat-embed-el-10.1.46.jar;E:\code\maven\apache-maven-3.9.11\org\apache\tomcat\embed\tomcat-embed-websocket\10.1.46\tomcat-embed-websocket-10.1.46.jar;E:\code\maven\apache-maven-3.9.11\org\springframework\spring-web\6.2.11\spring-web-6.2.11.jar;E:\code\maven\apache-maven-3.9.11\org\springframework\spring-beans\6.2.11\spring-beans-6.2.11.jar;E:\code\maven\apache-maven-3.9.11\io\micrometer\micrometer-observation\1.15.4\micrometer-observation-1.15.4.jar;E:\code\maven\apache-maven-3.9.11\io\micrometer\micrometer-commons\1.15.4\micrometer-commons-1.15.4.jar;E:\code\maven\apache-maven-3.9.11\org\springframework\spring-webmvc\6.2.11\spring-webmvc-6.2.11.jar;E:\code\maven\apache-maven-3.9.11\org\springframework\spring-aop\6.2.11\spring-aop-6.2.11.jar;E:\code\maven\apache-maven-3.9.11\org\springframework\spring-context\6.2.11\spring-context-6.2.11.jar;E:\code\maven\apache-maven-3.9.11\org\springframework\spring-expression\6.2.11\spring-expression-6.2.11.jar;E:\code\maven\apache-maven-3.9.11\org\mybatis\spring\boot\mybatis-spring-boot-starter\3.0.5\mybatis-spring-boot-starter-3.0.5.jar;E:\code\maven\apache-maven-3.9.11\org\springframework\boot\spring-boot-starter-jdbc\3.5.6\spring-boot-starter-jdbc-3.5.6.jar;E:\code\maven\apache-maven-3.9.11\com\zaxxer\HikariCP\6.3.3\HikariCP-6.3.3.jar;E:\code\maven\apache-maven-3.9.11\org\springframework\spring-jdbc\6.2.11\spring-jdbc-6.2.11.jar;E:\code\maven\apache-maven-3.9.11\org\mybatis\spring\boot\mybatis-spring-boot-autoconfigure\3.0.5\mybatis-spring-boot-autoconfigure-3.0.5.jar;E:\code\maven\apache-maven-3.9.11\org\mybatis\mybatis\3.5.19\mybatis-3.5.19.jar;E:\code\maven\apache-maven-3.9.11\org\mybatis\mybatis-spring\3.0.5\mybatis-spring-3.0.5.jar;E:\code\maven\apache-maven-3.9.11\org\springframework\security\spring-security-crypto\6.5.5\spring-security-crypto-6.5.5.jar;E:\code\maven\apache-maven-3.9.11\com\mysql\mysql-connector-j\9.4.0\mysql-connector-j-9.4.0.jar;E:\code\maven\apache-maven-3.9.11\org\projectlombok\lombok\1.18.40\lombok-1.18.40.jar;E:\code\maven\apache-maven-3.9.11\org\springframework\boot\spring-boot-starter-test\3.5.6\spring-boot-starter-test-3.5.6.jar;E:\code\maven\apache-maven-3.9.11\org\springframework\boot\spring-boot-test\3.5.6\spring-boot-test-3.5.6.jar;E:\code\maven\apache-maven-3.9.11\org\springframework\boot\spring-boot-test-autoconfigure\3.5.6\spring-boot-test-autoconfigure-3.5.6.jar;E:\code\maven\apache-maven-3.9.11\com\jayway\jsonpath\json-path\2.9.0\json-path-2.9.0.jar;E:\code\maven\apache-maven-3.9.11\org\slf4j\slf4j-api\2.0.17\slf4j-api-2.0.17.jar;E:\code\maven\apache-maven-3.9.11\jakarta\xml\bind\jakarta.xml.bind-api\4.0.2\jakarta.xml.bind-api-4.0.2.jar;E:\code\maven\apache-maven-3.9.11\jakarta\activation\jakarta.activation-api\2.1.4\jakarta.activation-api-2.1.4.jar;E:\code\maven\apache-maven-3.9.11\net\minidev\json-smart\2.5.2\json-smart-2.5.2.jar;E:\code\maven\apache-maven-3.9.11\net\minidev\accessors-smart\2.5.2\accessors-smart-2.5.2.jar;E:\code\maven\apache-maven-3.9.11\org\ow2\asm\asm\9.7.1\asm-9.7.1.jar;E:\code\maven\apache-maven-3.9.11\org\assertj\assertj-core\3.27.4\assertj-core-3.27.4.jar;E:\code\maven\apache-maven-3.9.11\net\bytebuddy\byte-buddy\1.17.7\byte-buddy-1.17.7.jar;E:\code\maven\apache-maven-3.9.11\org\awaitility\awaitility\4.2.2\awaitility-4.2.2.jar;E:\code\maven\apache-maven-3.9.11\org\hamcrest\hamcrest\3.0\hamcrest-3.0.jar;E:\code\maven\apache-maven-3.9.11\org\junit\jupiter\junit-jupiter\5.12.2\junit-jupiter-5.12.2.jar;E:\code\maven\apache-maven-3.9.11\org\junit\jupiter\junit-jupiter-api\5.12.2\junit-jupiter-api-5.12.2.jar;E:\code\maven\apache-maven-3.9.11\org\opentest4j\opentest4j\1.3.0\opentest4j-1.3.0.jar;E:\code\maven\apache-maven-3.9.11\org\junit\platform\junit-platform-commons\1.12.2\junit-platform-commons-1.12.2.jar;E:\code\maven\apache-maven-3.9.11\org\apiguardian\apiguardian-api\1.1.2\apiguardian-api-1.1.2.jar;E:\code\maven\apache-maven-3.9.11\org\junit\jupiter\junit-jupiter-params\5.12.2\junit-jupiter-params-5.12.2.jar;E:\code\maven\apache-maven-3.9.11\org\junit\jupiter\junit-jupiter-engine\5.12.2\junit-jupiter-engine-5.12.2.jar;E:\code\maven\apache-maven-3.9.11\org\junit\platform\junit-platform-engine\1.12.2\junit-platform-engine-1.12.2.jar;E:\code\maven\apache-maven-3.9.11\org\mockito\mockito-core\5.17.0\mockito-core-5.17.0.jar;E:\code\maven\apache-maven-3.9.11\net\bytebuddy\byte-buddy-agent\1.17.7\byte-buddy-agent-1.17.7.jar;E:\code\maven\apache-maven-3.9.11\org\objenesis\objenesis\3.3\objenesis-3.3.jar;E:\code\maven\apache-maven-3.9.11\org\mockito\mockito-junit-jupiter\5.17.0\mockito-junit-jupiter-5.17.0.jar;E:\code\maven\apache-maven-3.9.11\org\skyscreamer\jsonassert\1.5.3\jsonassert-1.5.3.jar;E:\code\maven\apache-maven-3.9.11\com\vaadin\external\google\android-json\0.0.20131108.vaadin1\android-json-0.0.20131108.vaadin1.jar;E:\code\maven\apache-maven-3.9.11\org\springframework\spring-core\6.2.11\spring-core-6.2.11.jar;E:\code\maven\apache-maven-3.9.11\org\springframework\spring-jcl\6.2.11\spring-jcl-6.2.11.jar;E:\code\maven\apache-maven-3.9.11\org\springframework\spring-test\6.2.11\spring-test-6.2.11.jar;E:\code\maven\apache-maven-3.9.11\org\xmlunit\xmlunit-core\2.10.4\xmlunit-core-2.10.4.jar;E:\code\maven\apache-maven-3.9.11\org\mybatis\spring\boot\mybatis-spring-boot-starter-test\3.0.5\mybatis-spring-boot-starter-test-3.0.5.jar;E:\code\maven\apache-maven-3.9.11\org\mybatis\spring\boot\mybatis-spring-boot-test-autoconfigure\3.0.5\mybatis-spring-boot-test-autoconfigure-3.0.5.jar;E:\code\maven\apache-maven-3.9.11\org\springframework\spring-tx\6.2.11\spring-tx-6.2.11.jar;E:\code\maven\apache-maven-3.9.11\io\jsonwebtoken\jjwt\0.9.1\jjwt-0.9.1.jar;E:\code\maven\apache-maven-3.9.11\com\fasterxml\jackson\core\jackson-databind\2.19.2\jackson-databind-2.19.2.jar;E:\code\maven\apache-maven-3.9.11\com\fasterxml\jackson\core\jackson-annotations\2.19.2\jackson-annotations-2.19.2.jar;E:\code\maven\apache-maven-3.9.11\com\fasterxml\jackson\core\jackson-core\2.19.2\jackson-core-2.19.2.jar;"/>
    <property name="java.vm.vendor" value="Oracle Corporation"/>
    <property name="sun.arch.data.model" value="64"/>
    <property name="user.variant" value=""/>
    <property name="java.vendor.url" value="https://java.oracle.com/"/>
    <property name="user.timezone" value="Asia/Shanghai"/>
    <property name="os.name" value="Windows 11"/>
    <property name="java.vm.specification.version" value="17"/>
    <property name="APPLICATION_NAME" value="evalutionsystem"/>
    <property name="sun.java.launcher" value="SUN_STANDARD"/>
    <property name="user.country" value="CN"/>
    <property name="sun.boot.library.path" value="C:\Program Files\Java\jdk-17\bin"/>
    <property name="sun.java.command" value="C:\Users\31026\AppData\Local\Temp\surefire2035248302979847903\surefirebooter-20251030115138728_3.jar C:\Users\31026\AppData\Local\Temp\surefire2035248302979847903 2025-10-30T11-51-38_582-jvmRun1 surefire-20251030115138728_1tmp surefire_0-20251030115138728_2tmp"/>
    <property name="jdk.debug" value="release"/>
    <property name="surefire.test.class.path" value="C:\Users\31026\Desktop\javaweb\evaluation\evalutionsystem\target\test-classes;C:\Users\31026\Desktop\javaweb\evaluation\evalutionsystem\target\classes;E:\code\maven\apache-maven-3.9.11\org\springframework\boot\spring-boot-starter-web\3.5.6\spring-boot-starter-web-3.5.6.jar;E:\code\maven\apache-maven-3.9.11\org\springframework\boot\spring-boot-starter\3.5.6\spring-boot-starter-3.5.6.jar;E:\code\maven\apache-maven-3.9.11\org\springframework\boot\spring-boot\3.5.6\spring-boot-3.5.6.jar;E:\code\maven\apache-maven-3.9.11\org\springframework\boot\spring-boot-autoconfigure\3.5.6\spring-boot-autoconfigure-3.5.6.jar;E:\code\maven\apache-maven-3.9.11\org\springframework\boot\spring-boot-starter-logging\3.5.6\spring-boot-starter-logging-3.5.6.jar;E:\code\maven\apache-maven-3.9.11\ch\qos\logback\logback-classic\1.5.18\logback-classic-1.5.18.jar;E:\code\maven\apache-maven-3.9.11\ch\qos\logback\logback-core\1.5.18\logback-core-1.5.18.jar;E:\code\maven\apache-maven-3.9.11\org\apache\logging\log4j\log4j-to-slf4j\2.24.3\log4j-to-slf4j-2.24.3.jar;E:\code\maven\apache-maven-3.9.11\org\apache\logging\log4j\log4j-api\2.24.3\log4j-api-2.24.3.jar;E:\code\maven\apache-maven-3.9.11\org\slf4j\jul-to-slf4j\2.0.17\jul-to-slf4j-2.0.17.jar;E:\code\maven\apache-maven-3.9.11\jakarta\annotation\jakarta.annotation-api\2.1.1\jakarta.annotation-api-2.1.1.jar;E:\code\maven\apache-maven-3.9.11\org\yaml\snakeyaml\2.4\snakeyaml-2.4.jar;E:\code\maven\apache-maven-3.9.11\org\springframework\boot\spring-boot-starter-json\3.5.6\spring-boot-starter-json-3.5.6.jar;E:\code\maven\apache-maven-3.9.11\com\fasterxml\jackson\datatype\jackson-datatype-jdk8\2.19.2\jackson-datatype-jdk8-2.19.2.jar;E:\code\maven\apache-maven-3.9.11\com\fasterxml\jackson\datatype\jackson-datatype-jsr310\2.19.2\jackson-datatype-jsr310-2.19.2.jar;E:\code\maven\apache-maven-3.9.11\com\fasterxml\jackson\module\jackson-module-parameter-names\2.19.2\jackson-module-parameter-names-2.19.2.jar;E:\code\maven\apache-maven-3.9.11\org\springframework\boot\spring-boot-starter-tomcat\3.5.6\spring-boot-starter-tomcat-3.5.6.jar;E:\code\maven\apache-maven-3.9.11\org\apache\tomcat\embed\tomcat-embed-core\10.1.46\tomcat-embed-core-10.1.46.jar;E:\code\maven\apache-maven-3.9.11\org\apache\tomcat\embed\tomcat-embed-el\10.1.46\tomcat-embed-el-10.1.46.jar;E:\code\maven\apache-maven-3.9.11\org\apache\tomcat\embed\tomcat-embed-websocket\10.1.46\tomcat-embed-websocket-10.1.46.jar;E:\code\maven\apache-maven-3.9.11\org\springframework\spring-web\6.2.11\spring-web-6.2.11.jar;E:\code\maven\apache-maven-3.9.11\org\springframework\spring-beans\6.2.11\spring-beans-6.2.11.jar;E:\code\maven\apache-maven-3.9.11\io\micrometer\micrometer-observation\1.15.4\micrometer-observation-1.15.4.jar;E:\code\maven\apache-maven-3.9.11\io\micrometer\micrometer-commons\1.15.4\micrometer-commons-1.15.4.jar;E:\code\maven\apache-maven-3.9.11\org\springframework\spring-webmvc\6.2.11\spring-webmvc-6.2.11.jar;E:\code\maven\apache-maven-3.9.11\org\springframework\spring-aop\6.2.11\spring-aop-6.2.11.jar;E:\code\maven\apache-maven-3.9.11\org\springframework\spring-context\6.2.11\spring-context-6.2.11.jar;E:\code\maven\apache-maven-3.9.11\org\springframework\spring-expression\6.2.11\spring-expression-6.2.11.jar;E:\code\maven\apache-maven-3.9.11\org\mybatis\spring\boot\mybatis-spring-boot-starter\3.0.5\mybatis-spring-boot-starter-3.0.5.jar;E:\code\maven\apache-maven-3.9.11\org\springframework\boot\spring-boot-starter-jdbc\3.5.6\spring-boot-starter-jdbc-3.5.6.jar;E:\code\maven\apache-maven-3.9.11\com\zaxxer\HikariCP\6.3.3\HikariCP-6.3.3.jar;E:\code\maven\apache-maven-3.9.11\org\springframework\spring-jdbc\6.2.11\spring-jdbc-6.2.11.jar;E:\code\maven\apache-maven-3.9.11\org\mybatis\spring\boot\mybatis-spring-boot-autoconfigure\3.0.5\mybatis-spring-boot-autoconfigure-3.0.5.jar;E:\code\maven\apache-maven-3.9.11\org\mybatis\mybatis\3.5.19\mybatis-3.5.19.jar;E:\code\maven\apache-maven-3.9.11\org\mybatis\mybatis-spring\3.0.5\mybatis-spring-3.0.5.jar;E:\code\maven\apache-maven-3.9.11\org\springframework\security\spring-security-crypto\6.5.5\spring-security-crypto-6.5.5.jar;E:\code\maven\apache-maven-3.9.11\com\mysql\mysql-connector-j\9.4.0\mysql-connector-j-9.4.0.jar;E:\code\maven\apache-maven-3.9.11\org\projectlombok\lombok\1.18.40\lombok-1.18.40.jar;E:\code\maven\apache-maven-3.9.11\org\springframework\boot\spring-boot-starter-test\3.5.6\spring-boot-starter-test-3.5.6.jar;E:\code\maven\apache-maven-3.9.11\org\springframework\boot\spring-boot-test\3.5.6\spring-boot-test-3.5.6.jar;E:\code\maven\apache-maven-3.9.11\org\springframework\boot\spring-boot-test-autoconfigure\3.5.6\spring-boot-test-autoconfigure-3.5.6.jar;E:\code\maven\apache-maven-3.9.11\com\jayway\jsonpath\json-path\2.9.0\json-path-2.9.0.jar;E:\code\maven\apache-maven-3.9.11\org\slf4j\slf4j-api\2.0.17\slf4j-api-2.0.17.jar;E:\code\maven\apache-maven-3.9.11\jakarta\xml\bind\jakarta.xml.bind-api\4.0.2\jakarta.xml.bind-api-4.0.2.jar;E:\code\maven\apache-maven-3.9.11\jakarta\activation\jakarta.activation-api\2.1.4\jakarta.activation-api-2.1.4.jar;E:\code\maven\apache-maven-3.9.11\net\minidev\json-smart\2.5.2\json-smart-2.5.2.jar;E:\code\maven\apache-maven-3.9.11\net\minidev\accessors-smart\2.5.2\accessors-smart-2.5.2.jar;E:\code\maven\apache-maven-3.9.11\org\ow2\asm\asm\9.7.1\asm-9.7.1.jar;E:\code\maven\apache-maven-3.9.11\org\assertj\assertj-core\3.27.4\assertj-core-3.27.4.jar;E:\code\maven\apache-maven-3.9.11\net\bytebuddy\byte-buddy\1.17.7\byte-buddy-1.17.7.jar;E:\code\maven\apache-maven-3.9.11\org\awaitility\awaitility\4.2.2\awaitility-4.2.2.jar;E:\code\maven\apache-maven-3.9.11\org\hamcrest\hamcrest\3.0\hamcrest-3.0.jar;E:\code\maven\apache-maven-3.9.11\org\junit\jupiter\junit-jupiter\5.12.2\junit-jupiter-5.12.2.jar;E:\code\maven\apache-maven-3.9.11\org\junit\jupiter\junit-jupiter-api\5.12.2\junit-jupiter-api-5.12.2.jar;E:\code\maven\apache-maven-3.9.11\org\opentest4j\opentest4j\1.3.0\opentest4j-1.3.0.jar;E:\code\maven\apache-maven-3.9.11\org\junit\platform\junit-platform-commons\1.12.2\junit-platform-commons-1.12.2.jar;E:\code\maven\apache-maven-3.9.11\org\apiguardian\apiguardian-api\1.1.2\apiguardian-api-1.1.2.jar;E:\code\maven\apache-maven-3.9.11\org\junit\jupiter\junit-jupiter-params\5.12.2\junit-jupiter-params-5.12.2.jar;E:\code\maven\apache-maven-3.9.11\org\junit\jupiter\junit-jupiter-engine\5.12.2\junit-jupiter-engine-5.12.2.jar;E:\code\maven\apache-maven-3.9.11\org\junit\platform\junit-platform-engine\1.12.2\junit-platform-engine-1.12.2.jar;E:\code\maven\apache-maven-3.9.11\org\mockito\mockito-core\5.17.0\mockito-core-5.17.0.jar;E:\code\maven\apache-maven-3.9.11\net\bytebuddy\byte-buddy-agent\1.17.7\byte-buddy-agent-1.17.7.jar;E:\code\maven\apache-maven-3.9.11\org\objenesis\objenesis\3.3\objenesis-3.3.jar;E:\code\maven\apache-maven-3.9.11\org\mockito\mockito-junit-jupiter\5.17.0\mockito-junit-jupiter-5.17.0.jar;E:\code\maven\apache-maven-3.9.11\org\skyscreamer\jsonassert\1.5.3\jsonassert-1.5.3.jar;E:\code\maven\apache-maven-3.9.11\com\vaadin\external\google\android-json\0.0.20131108.vaadin1\android-json-0.0.20131108.vaadin1.jar;E:\code\maven\apache-maven-3.9.11\org\springframework\spring-core\6.2.11\spring-core-6.2.11.jar;E:\code\maven\apache-maven-3.9.11\org\springframework\spring-jcl\6.2.11\spring-jcl-6.2.11.jar;E:\code\maven\apache-maven-3.9.11\org\springframework\spring-test\6.2.11\spring-test-6.2.11.jar;E:\code\maven\apache-maven-3.9.11\org\xmlunit\xmlunit-core\2.10.4\xmlunit-core-2.10.4.jar;E:\code\maven\apache-maven-3.9.11\org\mybatis\spring\boot\mybatis-spring-boot-starter-test\3.0.5\mybatis-spring-boot-starter-test-3.0.5.jar;E:\code\maven\apache-maven-3.9.11\org\mybatis\spring\boot\mybatis-spring-boot-test-autoconfigure\3.0.5\mybatis-spring-boot-test-autoconfigure-3.0.5.jar;E:\code\maven\apache-maven-3.9.11\org\springframework\spring-tx\6.2.11\spring-tx-6.2.11.jar;E:\code\maven\apache-maven-3.9.11\io\jsonwebtoken\jjwt\0.9.1\jjwt-0.9.1.jar;E:\code\maven\apache-maven-3.9.11\com\fasterxml\jackson\core\jackson-databind\2.19.2\jackson-databind-2.19.2.jar;E:\code\maven\apache-maven-3.9.11\com\fasterxml\jackson\core\jackson-annotations\2.19.2\jackson-annotations-2.19.2.jar;E:\code\maven\apache-maven-3.9.11\com\fasterxml\jackson\core\jackson-core\2.19.2\jackson-core-2.19.2.jar;"/>
    <property name="sun.cpu.endian" value="little"/>
    <property name="user.home" value="C:\Users\31026"/>
    <property name="user.language" value="zh"/>
    <property name="java.specification.vendor" value="Oracle Corporation"/>
    <property name="java.version.date" value="2023-07-18"/>
    <property name="java.home" value="C:\Program Files\Java\jdk-17"/>
    <property name="file.separator" value="\"/>
    <property name="basedir" value="C:\Users\31026\Desktop\javaweb\evaluation\evalutionsystem"/>
    <property name="java.vm.compressedOopsMode" value="Zero based"/>
    <property name="line.separator" value="&#10;"/>
    <property name="java.vm.specification.vendor" value="Oracle Corporation"/>
    <property name="java.specification.name" value="Java Platform API Specification"/>
    <property name="FILE_LOG_CHARSET" value="GBK"/>
    <property name="java.awt.headless" value="true"/>
    <property name="surefire.real.class.path" value="C:\Users\31026\AppData\Local\Temp\surefire2035248302979847903\surefirebooter-20251030115138728_3.jar"/>
    <property name="user.script" value=""/>
    <property name="sun.management.compiler" value="HotSpot 64-Bit Tiered Compilers"/>
    <property name="java.runtime.version" value="17.0.8+9-LTS-211"/>
    <property name="user.name" value="31026"/>
    <property name="path.separator" value=";"/>
    <property name="os.version" value="10.0"/>
    <property name="java.runtime.name" value="Java(TM) SE Runtime Environment"/>
    <property name="file.encoding" value="GBK"/>
    <property name="java.vm.name" value="Java HotSpot(TM) 64-Bit Server VM"/>
    <property name="localRepository" value="E:\code\maven\apache-maven-3.9.11"/>
    <property name="java.vendor.url.bug" value="https://bugreport.java.com/bugreport/"/>
    <property name="java.io.tmpdir" value="C:\Users\31026\AppData\Local\Temp\"/>
    <property name="java.version" value="17.0.8"/>
    <property name="user.dir" value="C:\Users\31026\Desktop\javaweb\evaluation\evalutionsystem"/>
    <property name="os.arch" value="amd64"/>
    <property name="java.vm.specification.name" value="Java Virtual Machine Specification"/>
    <property name="PID" value="29664"/>
    <property name="sun.os.patch.level" value=""/>
    <property name="CONSOLE_LOG_CHARSET" value="GBK"/>
    <property name="native.encoding" value="GBK"/>
    <property name="java.library.path" value="C:\Program Files\Java\jdk-17\bin;C:\WINDOWS\Sun\Java\bin;C:\WINDOWS\system32;C:\WINDOWS;c:\\Users\\31026\\.trae\\sdks\\workspaces\\9f421e9f\\versions\\node\\current;c:\\Users\\31026\\.trae\\sdks\\versions\\node\\current;c:\Users\31026\.trae\sdks\workspaces\9f421e9f\versions\node\current;c:\Users\31026\.trae\sdks\versions\node\current;C:\Program Files\Common Files\Oracle\Java\javapath;C:\Windows\system32;C:\Windows;C:\Windows\System32\Wbem;C:\Windows\System32\WindowsPowerShell\v1.0\;C:\Windows\System32\OpenSSH\;C:\Program Files (x86)\NVIDIA Corporation\PhysX\Common;C:\Program Files\NVIDIA Corporation\NVIDIA NvDLISR;C:\WINDOWS\system32;C:\WINDOWS;C:\WINDOWS\System32\Wbem;C:\WINDOWS\System32\WindowsPowerShell\v1.0\;C:\WINDOWS\System32\OpenSSH\;C:\Program Files\dotnet\;C:\Program Files\Git\cmd;C:\Users\31026\AppData\Local\nvm;C:\nvm4w\nodejs;E:\code\maven\apache-maven-3.9.11\bin;C:\Users\31026\AppData\Local\Programs\Python\Python311\Scripts\;C:\Users\31026\AppData\Local\Programs\Python\Python311\;C:\Users\31026\AppData\Local\Programs\Python\Launcher\;C:\Users\31026\AppData\Local\Microsoft\WindowsApps;E:\aaa\Microsoft VS Code\bin;C:\Users\31026\AppData\Local\nvm;C:\nvm4w\nodejs;;."/>
    <property name="java.vm.info" value="mixed mode, sharing"/>
    <property name="java.vendor" value="Oracle Corporation"/>
    <property name="java.vm.version" value="17.0.8+9-LTS-211"/>
    <property name="sun.io.unicode.encoding" value="UnicodeLittle"/>
    <property name="java.class.version" value="61.0"/>
    <property name="LOGGED_APPLICATION_NAME" value="[evalutionsystem] "/>
  </properties>
  <testcase name="contextLoads" classname="com.itmo.evaluationsystem.EvalutionsystemApplicationTests" time="0.501">
    <system-out><![CDATA[2025-10-30 11:51:39.364 [main] INFO  o.s.t.c.support.AnnotationConfigContextLoaderUtils - Could not detect default configuration classes for test class [com.itmo.evaluationsystem.EvalutionsystemApplicationTests]: EvalutionsystemApplicationTests does not declare any static, non-private, non-final, nested classes annotated with @Configuration.
2025-10-30 11:51:39.440 [main] INFO  o.s.b.t.context.SpringBootTestContextBootstrapper - Found @SpringBootConfiguration com.itmo.evaluationsystem.EvaluationsystemApplication for test class com.itmo.evaluationsystem.EvalutionsystemApplicationTests

  .   ____          _            __ _ _
 /\\ / ___'_ __ _ _(_)_ __  __ _ \ \ \ \
( ( )\___ | '_ | '_| | '_ \/ _` | \ \ \ \
 \\/  ___)| |_)| | | | | || (_| |  ) ) ) )
  '  |____| .__|_| |_|_| |_\__, | / / / /
 =========|_|==============|___/=/_/_/_/

 :: Spring Boot ::                (v3.5.6)

2025-10-30 11:51:39.736 [main] INFO  c.i.e.EvalutionsystemApplicationTests - Starting EvalutionsystemApplicationTests using Java 17.0.8 with PID 29664 (started by 31026 in C:\Users\31026\Desktop\javaweb\evaluation\evalutionsystem)
2025-10-30 11:51:39.737 [main] INFO  c.i.e.EvalutionsystemApplicationTests - No active profile set, falling back to 1 default profile: "default"
Logging initialized using 'class org.apache.ibatis.logging.stdout.StdOutImpl' adapter.
2025-10-30 11:51:41.518 [main] INFO  c.i.e.EvalutionsystemApplicationTests - Started EvalutionsystemApplicationTests in 1.986 seconds (process running for 2.705)
]]></system-out>
  </testcase>
</testsuite>